Performing C SOURCE FILE Test CMAKE_HAVE_LIBC_PTHREAD failed with the following output:
Change Dir: /home/xietianyu/myproject/BetaGo_ws/build/CMakeFiles/CMakeTmp

Run Build Command(s):/usr/bin/make cmTC_2dd25/fast && /usr/bin/make  -f CMakeFiles/cmTC_2dd25.dir/build.make CMakeFiles/cmTC_2dd25.dir/build
make[1]: Entering directory '/home/xietianyu/myproject/BetaGo_ws/build/CMakeFiles/CMakeTmp'
Building C object CMakeFiles/cmTC_2dd25.dir/src.c.o
/usr/bin/cc   -DCMAKE_HAVE_LIBC_PTHREAD -o CMakeFiles/cmTC_2dd25.dir/src.c.o -c /home/xietianyu/myproject/BetaGo_ws/build/CMakeFiles/CMakeTmp/src.c
Linking C executable cmTC_2dd25
/usr/local/cmake/bin/cmake -E cmake_link_script CMakeFiles/cmTC_2dd25.dir/link.txt --verbose=1
/usr/bin/cc  -DCMAKE_HAVE_LIBC_PTHREAD -rdynamic CMakeFiles/cmTC_2dd25.dir/src.c.o -o cmTC_2dd25 
CMakeFiles/cmTC_2dd25.dir/src.c.o：在函数‘main’中：
src.c:(.text+0x3c)：对‘pthread_create’未定义的引用
src.c:(.text+0x48)：对‘pthread_detach’未定义的引用
src.c:(.text+0x54)：对‘pthread_cancel’未定义的引用
src.c:(.text+0x65)：对‘pthread_join’未定义的引用
src.c:(.text+0x79)：对‘pthread_atfork’未定义的引用
collect2: error: ld returned 1 exit status
CMakeFiles/cmTC_2dd25.dir/build.make:105: recipe for target 'cmTC_2dd25' failed
make[1]: *** [cmTC_2dd25] Error 1
make[1]: Leaving directory '/home/xietianyu/myproject/BetaGo_ws/build/CMakeFiles/CMakeTmp'
Makefile:140: recipe for target 'cmTC_2dd25/fast' failed
make: *** [cmTC_2dd25/fast] Error 2


Source file was:
#include <pthread.h>

void* test_func(void* data)
{
  return data;
}

int main(void)
{
  pthread_t thread;
  pthread_create(&thread, NULL, test_func, NULL);
  pthread_detach(thread);
  pthread_cancel(thread);
  pthread_join(thread, NULL);
  pthread_atfork(NULL, NULL, NULL);
  pthread_exit(NULL);

  return 0;
}

Determining if the function pthread_create exists in the pthreads failed with the following output:
Change Dir: /home/xietianyu/myproject/BetaGo_ws/build/CMakeFiles/CMakeTmp

Run Build Command(s):/usr/bin/make cmTC_cd251/fast && /usr/bin/make  -f CMakeFiles/cmTC_cd251.dir/build.make CMakeFiles/cmTC_cd251.dir/build
make[1]: Entering directory '/home/xietianyu/myproject/BetaGo_ws/build/CMakeFiles/CMakeTmp'
Building C object CMakeFiles/cmTC_cd251.dir/CheckFunctionExists.c.o
/usr/bin/cc   -DCHECK_FUNCTION_EXISTS=pthread_create -o CMakeFiles/cmTC_cd251.dir/CheckFunctionExists.c.o -c /usr/local/cmake/share/cmake-3.18/Modules/CheckFunctionExists.c
Linking C executable cmTC_cd251
/usr/local/cmake/bin/cmake -E cmake_link_script CMakeFiles/cmTC_cd251.dir/link.txt --verbose=1
/usr/bin/cc  -DCHECK_FUNCTION_EXISTS=pthread_create -rdynamic CMakeFiles/cmTC_cd251.dir/CheckFunctionExists.c.o -o cmTC_cd251  -lpthreads 
/usr/bin/ld: 找不到 -lpthreads
collect2: error: ld returned 1 exit status
CMakeFiles/cmTC_cd251.dir/build.make:105: recipe for target 'cmTC_cd251' failed
make[1]: *** [cmTC_cd251] Error 1
make[1]: Leaving directory '/home/xietianyu/myproject/BetaGo_ws/build/CMakeFiles/CMakeTmp'
Makefile:140: recipe for target 'cmTC_cd251/fast' failed
make: *** [cmTC_cd251/fast] Error 2



